<?xml version="1.0" encoding="UTF-8"?>
<!-- Generated by org.testng.reporters.JUnitReportReporter -->
<testsuite skipped="0" hostname="BDC6-DX-6BWDNK2" name="selenium_day3.xyz" tests="1" failures="0" timestamp="2019-09-18T09:28:56 IST" time="3.792" errors="1">
  <testcase name="f" time="3.792" classname="selenium_day3.xyz">
    <error type="org.openqa.selenium.SessionNotCreatedException" message="session not created: This version of ChromeDriver only supports Chrome version 77
Build info: version: &#039;3.141.59&#039;, revision: &#039;e82be7d358&#039;, time: &#039;2018-11-14T08:25:53&#039;
System info: host: &#039;BDC6-DX-6BWDNK2&#039;, ip: &#039;192.168.116.1&#039;, os.name: &#039;Windows 10&#039;, os.arch: &#039;amd64&#039;, os.version: &#039;10.0&#039;, java.version: &#039;1.8.0_181&#039;
Driver info: driver.version: ChromeDriver
remote stacktrace: Backtrace:
	Ordinal0 [0x004BEB13+1501971]
	Ordinal0 [0x0043F6D1+980689]
	Ordinal0 [0x003C765F+489055]
	Ordinal0 [0x0035F2F4+62196]
	Ordinal0 [0x0035BCDA+48346]
	Ordinal0 [0x00379800+169984]
	Ordinal0 [0x0037942D+169005]
	Ordinal0 [0x003778EB+162027]
	Ordinal0 [0x00360AC7+68295]
	Ordinal0 [0x00361B40+72512]
	Ordinal0 [0x00361AD9+72409]
	Ordinal0 [0x00458F37+1085239]
	GetHandleVerifier [0x0055D7ED+503293]
	GetHandleVerifier [0x0055D580+502672]
	GetHandleVerifier [0x005646AC+531644]
	GetHandleVerifier [0x0055DFFA+505354]
	Ordinal0 [0x00450606+1050118]
	Ordinal0 [0x0045047F+1049727]
	Ordinal0 [0x0045AF9B+1093531]
	Ordinal0 [0x0045B103+1093891]
	Ordinal0 [0x0045A095+1089685]
	BaseThreadInitThunk [0x76730419+25]
	RtlGetAppContainerNamedObjectPath [0x7758662D+237]
	RtlGetAppContainerNamedObjectPath [0x775865FD+189]
">
      <![CDATA[org.openqa.selenium.SessionNotCreatedException: session not created: This version of ChromeDriver only supports Chrome version 77
Build info: version: '3.141.59', revision: 'e82be7d358', time: '2018-11-14T08:25:53'
System info: host: 'BDC6-DX-6BWDNK2', ip: '192.168.116.1', os.name: 'Windows 10', os.arch: 'amd64', os.version: '10.0', java.version: '1.8.0_181'
Driver info: driver.version: ChromeDriver
remote stacktrace: Backtrace:
Ordinal0 [0x004BEB13+1501971]
Ordinal0 [0x0043F6D1+980689]
Ordinal0 [0x003C765F+489055]
Ordinal0 [0x0035F2F4+62196]
Ordinal0 [0x0035BCDA+48346]
Ordinal0 [0x00379800+169984]
Ordinal0 [0x0037942D+169005]
Ordinal0 [0x003778EB+162027]
Ordinal0 [0x00360AC7+68295]
Ordinal0 [0x00361B40+72512]
Ordinal0 [0x00361AD9+72409]
Ordinal0 [0x00458F37+1085239]
GetHandleVerifier [0x0055D7ED+503293]
GetHandleVerifier [0x0055D580+502672]
GetHandleVerifier [0x005646AC+531644]
GetHandleVerifier [0x0055DFFA+505354]
Ordinal0 [0x00450606+1050118]
Ordinal0 [0x0045047F+1049727]
Ordinal0 [0x0045AF9B+1093531]
Ordinal0 [0x0045B103+1093891]
Ordinal0 [0x0045A095+1089685]
BaseThreadInitThunk [0x76730419+25]
RtlGetAppContainerNamedObjectPath [0x7758662D+237]
RtlGetAppContainerNamedObjectPath [0x775865FD+189]

at sun.reflect.NativeConstructorAccessorImpl.newInstance0(Native Method)
at sun.reflect.NativeConstructorAccessorImpl.newInstance(NativeConstructorAccessorImpl.java:62)
at sun.reflect.DelegatingConstructorAccessorImpl.newInstance(DelegatingConstructorAccessorImpl.java:45)
at java.lang.reflect.Constructor.newInstance(Constructor.java:423)
at org.openqa.selenium.remote.W3CHandshakeResponse.lambda$errorHandler$0(W3CHandshakeResponse.java:62)
at org.openqa.selenium.remote.HandshakeResponse.lambda$getResponseFunction$0(HandshakeResponse.java:30)
at org.openqa.selenium.remote.ProtocolHandshake.lambda$createSession$0(ProtocolHandshake.java:126)
at java.util.stream.ReferencePipeline$3$1.accept(ReferencePipeline.java:193)
at java.util.Spliterators$ArraySpliterator.tryAdvance(Spliterators.java:958)
at java.util.stream.ReferencePipeline.forEachWithCancel(ReferencePipeline.java:126)
at java.util.stream.AbstractPipeline.copyIntoWithCancel(AbstractPipeline.java:498)
at java.util.stream.AbstractPipeline.copyInto(AbstractPipeline.java:485)
at java.util.stream.AbstractPipeline.wrapAndCopyInto(AbstractPipeline.java:471)
at java.util.stream.FindOps$FindOp.evaluateSequential(FindOps.java:152)
at java.util.stream.AbstractPipeline.evaluate(AbstractPipeline.java:234)
at java.util.stream.ReferencePipeline.findFirst(ReferencePipeline.java:464)
at org.openqa.selenium.remote.ProtocolHandshake.createSession(ProtocolHandshake.java:128)
at org.openqa.selenium.remote.ProtocolHandshake.createSession(ProtocolHandshake.java:74)
at org.openqa.selenium.remote.HttpCommandExecutor.execute(HttpCommandExecutor.java:136)
at org.openqa.selenium.remote.service.DriverCommandExecutor.execute(DriverCommandExecutor.java:83)
at org.openqa.selenium.remote.RemoteWebDriver.execute(RemoteWebDriver.java:552)
at org.openqa.selenium.remote.RemoteWebDriver.startSession(RemoteWebDriver.java:213)
at org.openqa.selenium.remote.RemoteWebDriver.<init>(RemoteWebDriver.java:131)
at org.openqa.selenium.chrome.ChromeDriver.<init>(ChromeDriver.java:181)
at org.openqa.selenium.chrome.ChromeDriver.<init>(ChromeDriver.java:168)
at org.openqa.selenium.chrome.ChromeDriver.<init>(ChromeDriver.java:123)
at selenium_day3.xyz.f(xyz.java:12)
at sun.reflect.NativeMethodAccessorImpl.invoke0(Native Method)
at sun.reflect.NativeMethodAccessorImpl.invoke(NativeMethodAccessorImpl.java:62)
at sun.reflect.DelegatingMethodAccessorImpl.invoke(DelegatingMethodAccessorImpl.java:43)
at java.lang.reflect.Method.invoke(Method.java:498)
at org.testng.internal.MethodInvocationHelper.invokeMethod(MethodInvocationHelper.java:133)
at org.testng.internal.TestInvoker.invokeMethod(TestInvoker.java:584)
at org.testng.internal.TestInvoker.invokeTestMethod(TestInvoker.java:172)
at org.testng.internal.MethodRunner.runInSequence(MethodRunner.java:46)
at org.testng.internal.TestInvoker$MethodInvocationAgent.invoke(TestInvoker.java:804)
at org.testng.internal.TestInvoker.invokeTestMethods(TestInvoker.java:145)
at org.testng.internal.TestMethodWorker.invokeTestMethods(TestMethodWorker.java:146)
at org.testng.internal.TestMethodWorker.run(TestMethodWorker.java:128)
at java.util.ArrayList.forEach(ArrayList.java:1257)
at org.testng.TestRunner.privateRun(TestRunner.java:770)
at org.testng.TestRunner.run(TestRunner.java:591)
at org.testng.SuiteRunner.runTest(SuiteRunner.java:402)
at org.testng.SuiteRunner.runSequentially(SuiteRunner.java:396)
at org.testng.SuiteRunner.privateRun(SuiteRunner.java:355)
at org.testng.SuiteRunner.run(SuiteRunner.java:304)
at org.testng.SuiteRunnerWorker.runSuite(SuiteRunnerWorker.java:53)
at org.testng.SuiteRunnerWorker.run(SuiteRunnerWorker.java:96)
at org.testng.TestNG.runSuitesSequentially(TestNG.java:1180)
at org.testng.TestNG.runSuitesLocally(TestNG.java:1102)
at org.testng.TestNG.runSuites(TestNG.java:1032)
at org.testng.TestNG.run(TestNG.java:1000)
at org.testng.remote.AbstractRemoteTestNG.run(AbstractRemoteTestNG.java:115)
at org.testng.remote.RemoteTestNG.initAndRun(RemoteTestNG.java:251)
at org.testng.remote.RemoteTestNG.main(RemoteTestNG.java:77)
]]>
    </error>
  </testcase> <!-- f -->
</testsuite> <!-- selenium_day3.xyz -->
